<?xml version="1.0" encoding="UTF-8"?>
<!-- Generated by org.testng.reporters.JUnitReportReporter -->
<testsuite hostname="KeerthiVikas" failures="0" tests="1" name="TC006_GET_ExtractionofEachNodeInJSON" time="2.486" errors="0" timestamp="2023-10-12T22:32:48 IST" skipped="0">
  <testcase classname="TC006_GET_ExtractionofEachNodeInJSON" name="GetWeatherDetails" time="2.486"/>
</testsuite> <!-- TC006_GET_ExtractionofEachNodeInJSON -->
