<?xml version="1.0" encoding="UTF-8"?>
<!-- Generated by org.testng.reporters.JUnitReportReporter -->
<testsuite hostname="KeerthiVikas" failures="0" tests="1" name="Demo4_GET_Request_PrintAllHeaders" time="2.576" errors="0" timestamp="2023-10-12T14:03:38 IST" skipped="0">
  <testcase classname="Demo4_GET_Request_PrintAllHeaders" name="GetWeatherDetails" time="2.576"/>
</testsuite> <!-- Demo4_GET_Request_PrintAllHeaders -->
