<?xml version="1.0" encoding="UTF-8"?>
<!-- Generated by org.testng.reporters.JUnitReportReporter -->
<testsuite hostname="KeerthiVikas" failures="0" tests="1" name="TC005_GET_ValidationJSONResponse" time="5.078" errors="0" timestamp="2023-10-12T22:18:07 IST" skipped="0">
  <testcase classname="TC005_GET_ValidationJSONResponse" name="GetWeatherDetails" time="5.078"/>
</testsuite> <!-- TC005_GET_ValidationJSONResponse -->
