<?xml version="1.0" encoding="UTF-8"?>
<!-- Generated by org.testng.reporters.JUnitReportReporter -->
<testsuite hostname="KeerthiVikas" failures="0" tests="1" name="TC004_GET_Request_PrintAllHeaders" time="2.481" errors="0" timestamp="2023-10-16T10:52:01 IST" skipped="0">
  <testcase classname="TC004_GET_Request_PrintAllHeaders" name="GetWeatherDetails" time="2.481"/>
</testsuite> <!-- TC004_GET_Request_PrintAllHeaders -->
