<?xml version="1.0" encoding="UTF-8"?>
<!-- Generated by org.testng.reporters.JUnitReportReporter -->
<testsuite hostname="KeerthiVikas" failures="0" tests="1" name="TC007_GET_Request_Autherization" time="2.630" errors="0" timestamp="2023-10-12T22:47:32 IST" skipped="0">
  <testcase classname="TC007_GET_Request_Autherization" name="Autherization" time="2.630"/>
</testsuite> <!-- TC007_GET_Request_Autherization -->
