<?xml version="1.0" encoding="UTF-8"?>
<!-- Generated by org.testng.reporters.JUnitReportReporter -->
<testsuite hostname="KeerthiVikas" failures="0" tests="9" name="com.employeeapi.testCases.TC004_PUT_Employee_Record" time="0.021" errors="0" timestamp="2023-10-16T13:30:49 IST" skipped="0">
  <testcase classname="com.employeeapi.testCases.TC004_PUT_Employee_Record" name="checkContentType" time="0.003"/>
  <testcase classname="com.employeeapi.testCases.TC004_PUT_Employee_Record" name="checkStatusCode" time="0.002"/>
  <testcase classname="com.employeeapi.testCases.TC004_PUT_Employee_Record" name="checkVia" time="0.002"/>
  <testcase classname="com.employeeapi.testCases.TC004_PUT_Employee_Record" name="CheckResponseBody" time="0.004"/>
  <testcase classname="com.employeeapi.testCases.TC004_PUT_Employee_Record" name="checkResponseTime" time="0.002"/>
  <testcase classname="com.employeeapi.testCases.TC004_PUT_Employee_Record" name="checkConnection" time="0.003"/>
  <testcase classname="com.employeeapi.testCases.TC004_PUT_Employee_Record" name="checkserverType" time="0.002"/>
  <testcase classname="com.employeeapi.testCases.TC004_PUT_Employee_Record" name="checkStatusLine" time="0.001"/>
  <testcase classname="com.employeeapi.testCases.TC004_PUT_Employee_Record" name="checkCacheControl" time="0.002"/>
</testsuite> <!-- com.employeeapi.testCases.TC004_PUT_Employee_Record -->
