<?xml version="1.0" encoding="UTF-8"?>
<!-- Generated by org.testng.reporters.JUnitReportReporter -->
<testsuite hostname="KeerthiVikas" failures="0" tests="1" name="TC001_GET_Request" time="4.155" errors="0" timestamp="2023-10-13T23:46:38 IST" skipped="0">
  <testcase classname="TC001_GET_Request" name="getDetails" time="4.155"/>
</testsuite> <!-- TC001_GET_Request -->
